<?xml version="1.0" encoding="UTF-8"?>
<!-- Generated by org.testng.reporters.JUnitReportReporter -->
<testsuite hostname="Manya" failures="0" tests="2" name="com.boat.ui.cucumber.runner.TestRunner" time="0.312" errors="0" timestamp="2022-11-08T13:40:38 IST" skipped="0">
  <testcase classname="com.boat.ui.cucumber.runner.TestRunner" name="runScenario" time="0.296"/>
  <system-out/>
  <testcase classname="com.boat.ui.cucumber.runner.TestRunner" name="runScenario" time="0.016"/>
  <system-out/>
</testsuite> <!-- com.boat.ui.cucumber.runner.TestRunner -->
